Copyright 1986-2022 Xilinx, Inc. All Rights Reserved. Copyright 2022-2025 Advanced Micro Devices, Inc. All Rights Reserved.
---------------------------------------------------------------------------------------------------------------------------------------------
| Tool Version : Vivado v.2025.2 (win64) Build 6299465 Fri Nov 14 19:35:11 GMT 2025
| Date         : Tue Apr 14 16:16:52 2026
| Host         : Travis-Laptop running 64-bit major release  (build 9200)
| Command      : report_control_sets -verbose -file top_control_sets_placed.rpt
| Design       : top
| Device       : xc7a35t
---------------------------------------------------------------------------------------------------------------------------------------------

Control Set Information

Table of Contents
-----------------
1. Summary
2. Histogram
3. Flip-Flop Distribution
4. Detailed Control Set Information

1. Summary
----------

+----------------------------------------------------------+-------+
|                          Status                          | Count |
+----------------------------------------------------------+-------+
| Total control sets                                       |    22 |
|    Minimum number of control sets                        |    22 |
|    Addition due to synthesis replication                 |     0 |
|    Addition due to physical synthesis replication        |     0 |
| Unused register locations in slices containing registers |    90 |
+----------------------------------------------------------+-------+
* Control sets can be merged at opt_design using control_set_merge or merge_equivalent_drivers
** Run report_qor_suggestions for automated merging and remapping suggestions


2. Histogram
------------

+--------------------+-------+
|       Fanout       | Count |
+--------------------+-------+
| Total control sets |    22 |
| >= 0 to < 4        |     0 |
| >= 4 to < 6        |    16 |
| >= 6 to < 8        |     1 |
| >= 8 to < 10       |     0 |
| >= 10 to < 12      |     1 |
| >= 12 to < 14      |     0 |
| >= 14 to < 16      |     0 |
| >= 16              |     4 |
+--------------------+-------+
* Control sets can be remapped at either synth_design or opt_design


3. Flip-Flop Distribution
-------------------------

+--------------+-----------------------+------------------------+-----------------+--------------+
| Clock Enable | Synchronous Set/Reset | Asynchronous Set/Reset | Total Registers | Total Slices |
+--------------+-----------------------+------------------------+-----------------+--------------+
| No           | No                    | No                     |               7 |            3 |
| No           | No                    | Yes                    |               2 |            1 |
| No           | Yes                   | No                     |              85 |           24 |
| Yes          | No                    | No                     |              16 |            8 |
| Yes          | No                    | Yes                    |               0 |            0 |
| Yes          | Yes                   | No                     |              48 |           17 |
+--------------+-----------------------+------------------------+-----------------+--------------+


4. Detailed Control Set Information
-----------------------------------

+----------------+----------------------------------------------+----------------------------+------------------+----------------+--------------+
|  Clock Signal  |                 Enable Signal                |      Set/Reset Signal      | Slice Load Count | Bel Load Count | Bels / Slice |
+----------------+----------------------------------------------+----------------------------+------------------+----------------+--------------+
|  clk_IBUF_BUFG | stopwatch_inst/ms_hundreds[3]_i_1__2_n_0     | rst_detector/rst_debounced |                1 |              4 |         4.00 |
|  clk_IBUF_BUFG | stopwatch_inst/ms_tens[3]_i_1__0_n_0         | rst_detector/rst_debounced |                2 |              4 |         2.00 |
|  clk_IBUF_BUFG | stopwatch_inst/sec_ones[3]_i_1__2_n_0        | rst_detector/rst_debounced |                2 |              4 |         2.00 |
|  clk_IBUF_BUFG | stopwatch_inst/sec_tens[3]_i_1__1_n_0        | rst_detector/rst_debounced |                2 |              4 |         2.00 |
|  clk_IBUF_BUFG | timer_inst/ms_hundreds[3]_i_1__1_n_0         | rst_detector/rst_debounced |                2 |              4 |         2.00 |
|  clk_IBUF_BUFG | timer_inst/ms_tens[3]_i_1__2_n_0             | rst_detector/rst_debounced |                1 |              4 |         4.00 |
|  clk_IBUF_BUFG | timer_inst/sec_ones[3]_i_1__1_n_0            | rst_detector/rst_debounced |                1 |              4 |         4.00 |
|  clk_IBUF_BUFG | timer_inst/sec_tens[3]_i_1__2_n_0            | rst_detector/rst_debounced |                2 |              4 |         2.00 |
|  clk_IBUF_BUFG | custom_stopwatch_inst/ms_tens[3]_i_1__1_n_0  | rst_detector/rst_debounced |                1 |              4 |         4.00 |
|  clk_IBUF_BUFG | custom_stopwatch_inst/ms_hundreds[3]_i_1_n_0 | rst_detector/rst_debounced |                1 |              4 |         4.00 |
|  clk_IBUF_BUFG | custom_stopwatch_inst/sec_ones[3]_i_1_n_0    |                            |                2 |              4 |         2.00 |
|  clk_IBUF_BUFG | custom_stopwatch_inst/sec_tens[3]_i_1_n_0    |                            |                2 |              4 |         2.00 |
|  clk_IBUF_BUFG | custom_timer_inst/ms_tens[3]_i_1_n_0         | rst_detector/rst_debounced |                1 |              4 |         4.00 |
|  clk_IBUF_BUFG | custom_timer_inst/sec_ones[3]_i_1__0_n_0     |                            |                2 |              4 |         2.00 |
|  clk_IBUF_BUFG | custom_timer_inst/sec_tens[3]_i_1__0_n_0     |                            |                2 |              4 |         2.00 |
|  clk_IBUF_BUFG | custom_timer_inst/ms_hundreds[3]_i_1__0_n_0  | rst_detector/rst_debounced |                1 |              4 |         4.00 |
|  clk_IBUF_BUFG |                                              |                            |                3 |              7 |         2.33 |
|  clk_IBUF_BUFG |                                              | rst_detector/rst_debounced |                5 |             10 |         2.00 |
|  clk_IBUF_BUFG |                                              | rst_detector/outedge_reg_0 |                5 |             17 |         3.40 |
|  clk_IBUF_BUFG |                                              | ss_detector/tick_10ms      |                5 |             20 |         4.00 |
|  clk_IBUF_BUFG |                                              | pulse_gen/clk_10ms         |                5 |             20 |         4.00 |
|  clk_IBUF_BUFG |                                              | rst_detector/tick_10ms     |                5 |             20 |         4.00 |
+----------------+----------------------------------------------+----------------------------+------------------+----------------+--------------+


